<?xml version="1.0" encoding="UTF-8"?>
<testng-results skipped="0" failed="1" ignored="4" total="8" passed="3">
  <reporter-output>
    <line>
      <![CDATA[Swiped to open menu.]]>
    </line>
    <line>
      <![CDATA[Verified that Side Menu Title. Actual text: Side menu - Expected text: Side menu]]>
    </line>
    <line>
      <![CDATA[Verified that Side Menu Body Text. Actual text: Legend says that if you click on the button below, you may get the answer to the Ultimate Question of Life, the Universe, and Everything... - Expected text: Legend says that if you click on the button below, you may get the answer to the Ultimate Question of Life, the Universe, and Everything...]]>
    </line>
    <line>
      <![CDATA[Clicked button: Located by By.chained({By.AccessibilityId: Get the ultimate answer})]]>
    </line>
    <line>
      <![CDATA[Verified that Pop up has appeared. Actual text: 42 - Expected text: 42]]>
    </line>
    <line>
      <![CDATA[Clicked button: Located by By.chained({By.AccessibilityId: OK})]]>
    </line>
    <line>
      <![CDATA[Swiped to close menu.]]>
    </line>
    <line>
      <![CDATA[The side menu has been dismissed and is not visible.]]>
    </line>
    <line>
      <![CDATA[Clicked button: Located by By.chained({By.AccessibilityId: Dashboard tab})]]>
    </line>
    <line>
      <![CDATA[Verified that Bitcoin label. Actual text: dashboard-title - Expected text: dashboard-title]]>
    </line>
    <line>
      <![CDATA[Verified that Bitcoin label. Actual text: Coin-btc - Expected text: Coin-btc]]>
    </line>
    <line>
      <![CDATA[Clicked button: Located by By.chained({By.AccessibilityId: Settings tab})]]>
    </line>
    <line>
      <![CDATA[Clicked button: Located by By.chained({By.AccessibilityId: Settings tab})]]>
    </line>
    <line>
      <![CDATA[Verified that Page Title. Actual text: settings-title - Expected text: settings-title]]>
    </line>
    <line>
      <![CDATA[Verified that Only Bitcoin text. Actual text: Only show "Bitcoin" coins - Expected text: Only show "Bitcoin" coins]]>
    </line>
    <line>
      <![CDATA[Verified that Only winners text. Actual text: Only show winners - Expected text: Only show winners]]>
    </line>
    <line>
      <![CDATA[Verified that Only losers text. Actual text: Only show losers - Expected text: Only show losers]]>
    </line>
  </reporter-output>
  <suite name="Suite" duration-ms="65045" started-at="2022-04-23T21:16:13 MDT" finished-at="2022-04-23T21:17:18 MDT">
    <groups>
    </groups>
    <test name="Test iOS" duration-ms="65045" started-at="2022-04-23T21:16:13 MDT" finished-at="2022-04-23T21:17:18 MDT">
      <class name="com.qa.tests.SlidingMenuTests">
        <test-method status="PASS" signature="beforeTest(java.lang.String,java.lang.String,java.lang.String)[pri:0, instance:com.qa.tests.SlidingMenuTests@64f555e7]" name="beforeTest" is-config="true" duration-ms="8273" started-at="2022-04-23T21:16:13 MDT" finished-at="2022-04-23T21:16:21 MDT">
          <params>
            <param index="0">
              <value>
                <![CDATA[1887F211-C607-4A98-9EC6-7D8751A2F512]]>
              </value>
            </param>
            <param index="1">
              <value>
                <![CDATA[15]]>
              </value>
            </param>
            <param index="2">
              <value>
                <![CDATA[iPhone11]]>
              </value>
            </param>
          </params>
          <reporter-output>
          </reporter-output>
        </test-method> <!-- beforeTest -->
        <test-method status="PASS" signature="beforeMethod(java.lang.reflect.Method)[pri:0, instance:com.qa.tests.SlidingMenuTests@64f555e7]" name="beforeMethod" is-config="true" duration-ms="179" started-at="2022-04-23T21:16:21 MDT" finished-at="2022-04-23T21:16:21 MDT">
          <params>
            <param index="0">
              <value>
                <![CDATA[public void com.qa.tests.SlidingMenuTests.slidingMenu() throws java.lang.InterruptedException]]>
              </value>
            </param>
          </params>
          <reporter-output>
          </reporter-output>
        </test-method> <!-- beforeMethod -->
        <test-method status="PASS" signature="slidingMenu()[pri:0, instance:com.qa.tests.SlidingMenuTests@64f555e7]" name="slidingMenu" duration-ms="27617" started-at="2022-04-23T21:16:21 MDT" finished-at="2022-04-23T21:16:49 MDT">
          <reporter-output>
            <line>
              <![CDATA[Swiped to open menu.]]>
            </line>
            <line>
              <![CDATA[Verified that Side Menu Title. Actual text: Side menu - Expected text: Side menu]]>
            </line>
            <line>
              <![CDATA[Verified that Side Menu Body Text. Actual text: Legend says that if you click on the button below, you may get the answer to the Ultimate Question of Life, the Universe, and Everything... - Expected text: Legend says that if you click on the button below, you may get the answer to the Ultimate Question of Life, the Universe, and Everything...]]>
            </line>
            <line>
              <![CDATA[Clicked button: Located by By.chained({By.AccessibilityId: Get the ultimate answer})]]>
            </line>
            <line>
              <![CDATA[Verified that Pop up has appeared. Actual text: 42 - Expected text: 42]]>
            </line>
            <line>
              <![CDATA[Clicked button: Located by By.chained({By.AccessibilityId: OK})]]>
            </line>
            <line>
              <![CDATA[Swiped to close menu.]]>
            </line>
            <line>
              <![CDATA[The side menu has been dismissed and is not visible.]]>
            </line>
          </reporter-output>
        </test-method> <!-- slidingMenu -->
        <test-method status="PASS" signature="afterTest()[pri:0, instance:com.qa.tests.SlidingMenuTests@64f555e7]" name="afterTest" is-config="true" duration-ms="1050" started-at="2022-04-23T21:17:17 MDT" finished-at="2022-04-23T21:17:18 MDT">
          <reporter-output>
          </reporter-output>
        </test-method> <!-- afterTest -->
      </class> <!-- com.qa.tests.SlidingMenuTests -->
      <class name="com.qa.tests.IOSDashboardTests">
        <test-method status="PASS" signature="beforeMethod(java.lang.reflect.Method)[pri:0, instance:com.qa.tests.IOSDashboardTests@2687f956]" name="beforeMethod" is-config="true" duration-ms="2" started-at="2022-04-23T21:16:49 MDT" finished-at="2022-04-23T21:16:49 MDT">
          <params>
            <param index="0">
              <value>
                <![CDATA[public void com.qa.tests.IOSDashboardTests.iOSDashboardTests() throws java.lang.InterruptedException]]>
              </value>
            </param>
          </params>
          <reporter-output>
          </reporter-output>
        </test-method> <!-- beforeMethod -->
        <test-method status="PASS" signature="iOSDashboardTests()[pri:0, instance:com.qa.tests.IOSDashboardTests@2687f956]" name="iOSDashboardTests" duration-ms="11321" started-at="2022-04-23T21:16:49 MDT" finished-at="2022-04-23T21:17:00 MDT">
          <reporter-output>
            <line>
              <![CDATA[Clicked button: Located by By.chained({By.AccessibilityId: Dashboard tab})]]>
            </line>
            <line>
              <![CDATA[Verified that Bitcoin label. Actual text: dashboard-title - Expected text: dashboard-title]]>
            </line>
            <line>
              <![CDATA[Verified that Bitcoin label. Actual text: Coin-btc - Expected text: Coin-btc]]>
            </line>
          </reporter-output>
        </test-method> <!-- iOSDashboardTests -->
      </class> <!-- com.qa.tests.IOSDashboardTests -->
      <class name="com.qa.tests.IOSSettingsTests">
        <test-method status="PASS" signature="beforeMethod(java.lang.reflect.Method)[pri:0, instance:com.qa.tests.IOSSettingsTests@5f84abe8]" name="beforeMethod" is-config="true" duration-ms="2" started-at="2022-04-23T21:17:00 MDT" finished-at="2022-04-23T21:17:00 MDT">
          <params>
            <param index="0">
              <value>
                <![CDATA[public void com.qa.tests.IOSSettingsTests.IOSSettingFailTest() throws java.lang.InterruptedException]]>
              </value>
            </param>
          </params>
          <reporter-output>
          </reporter-output>
        </test-method> <!-- beforeMethod -->
        <test-method status="FAIL" signature="IOSSettingFailTest()[pri:0, instance:com.qa.tests.IOSSettingsTests@5f84abe8]" name="IOSSettingFailTest" duration-ms="3687" started-at="2022-04-23T21:17:00 MDT" finished-at="2022-04-23T21:17:04 MDT">
          <exception class="java.lang.AssertionError">
            <message>
              <![CDATA[expected [error] but found [Only show "Bitcoin" coins]]]>
            </message>
            <full-stacktrace>
              <![CDATA[java.lang.AssertionError: expected [error] but found [Only show "Bitcoin" coins]
at org.testng.Assert.fail(Assert.java:99)
at org.testng.Assert.failNotEquals(Assert.java:1037)
at org.testng.Assert.assertEqualsImpl(Assert.java:140)
at org.testng.Assert.assertEquals(Assert.java:122)
at org.testng.Assert.assertEquals(Assert.java:629)
at org.testng.Assert.assertEquals(Assert.java:639)
at com.qa.BaseTest.verifyText(BaseTest.java:124)
at com.qa.tests.IOSSettingsTests.IOSSettingFailTest(IOSSettingsTests.java:74)
at sun.reflect.NativeMethodAccessorImpl.invoke0(Native Method)
at sun.reflect.NativeMethodAccessorImpl.invoke(NativeMethodAccessorImpl.java:62)
at sun.reflect.DelegatingMethodAccessorImpl.invoke(DelegatingMethodAccessorImpl.java:43)
at java.lang.reflect.Method.invoke(Method.java:498)
at org.testng.internal.MethodInvocationHelper.invokeMethod(MethodInvocationHelper.java:133)
at org.testng.internal.TestInvoker.invokeMethod(TestInvoker.java:598)
at org.testng.internal.TestInvoker.invokeTestMethod(TestInvoker.java:173)
at org.testng.internal.MethodRunner.runInSequence(MethodRunner.java:46)
at org.testng.internal.TestInvoker$MethodInvocationAgent.invoke(TestInvoker.java:824)
at org.testng.internal.TestInvoker.invokeTestMethods(TestInvoker.java:146)
at org.testng.internal.TestMethodWorker.invokeTestMethods(TestMethodWorker.java:146)
at org.testng.internal.TestMethodWorker.run(TestMethodWorker.java:128)
at java.util.ArrayList.forEach(ArrayList.java:1259)
at org.testng.TestRunner.privateRun(TestRunner.java:794)
at org.testng.TestRunner.run(TestRunner.java:596)
at org.testng.SuiteRunner.runTest(SuiteRunner.java:377)
at org.testng.SuiteRunner.runSequentially(SuiteRunner.java:371)
at org.testng.SuiteRunner.privateRun(SuiteRunner.java:332)
at org.testng.SuiteRunner.run(SuiteRunner.java:276)
at org.testng.SuiteRunnerWorker.runSuite(SuiteRunnerWorker.java:53)
at org.testng.SuiteRunnerWorker.run(SuiteRunnerWorker.java:96)
at org.testng.TestNG.runSuitesSequentially(TestNG.java:1212)
at org.testng.TestNG.runSuitesLocally(TestNG.java:1134)
at org.testng.TestNG.runSuites(TestNG.java:1063)
at org.testng.TestNG.run(TestNG.java:1031)
at org.apache.maven.surefire.testng.TestNGExecutor.run(TestNGExecutor.java:324)
at org.apache.maven.surefire.testng.TestNGXmlTestSuite.execute(TestNGXmlTestSuite.java:74)
at org.apache.maven.surefire.testng.TestNGProvider.invoke(TestNGProvider.java:123)
at org.apache.maven.surefire.booter.ForkedBooter.runSuitesInProcess(ForkedBooter.java:456)
at org.apache.maven.surefire.booter.ForkedBooter.execute(ForkedBooter.java:169)
at org.apache.maven.surefire.booter.ForkedBooter.run(ForkedBooter.java:595)
at org.apache.maven.surefire.booter.ForkedBooter.main(ForkedBooter.java:581)
]]>
            </full-stacktrace>
          </exception> <!-- java.lang.AssertionError -->
          <reporter-output>
            <line>
              <![CDATA[Clicked button: Located by By.chained({By.AccessibilityId: Settings tab})]]>
            </line>
          </reporter-output>
        </test-method> <!-- IOSSettingFailTest -->
        <test-method status="PASS" signature="beforeMethod(java.lang.reflect.Method)[pri:0, instance:com.qa.tests.IOSSettingsTests@5f84abe8]" name="beforeMethod" is-config="true" duration-ms="1" started-at="2022-04-23T21:17:05 MDT" finished-at="2022-04-23T21:17:05 MDT">
          <params>
            <param index="0">
              <value>
                <![CDATA[public void com.qa.tests.IOSSettingsTests.iOSSettingsTest() throws java.lang.InterruptedException]]>
              </value>
            </param>
          </params>
          <reporter-output>
          </reporter-output>
        </test-method> <!-- beforeMethod -->
        <test-method status="PASS" signature="iOSSettingsTest()[pri:0, instance:com.qa.tests.IOSSettingsTests@5f84abe8]" name="iOSSettingsTest" duration-ms="12049" started-at="2022-04-23T21:17:05 MDT" finished-at="2022-04-23T21:17:17 MDT">
          <reporter-output>
            <line>
              <![CDATA[Clicked button: Located by By.chained({By.AccessibilityId: Settings tab})]]>
            </line>
            <line>
              <![CDATA[Verified that Page Title. Actual text: settings-title - Expected text: settings-title]]>
            </line>
            <line>
              <![CDATA[Verified that Only Bitcoin text. Actual text: Only show "Bitcoin" coins - Expected text: Only show "Bitcoin" coins]]>
            </line>
            <line>
              <![CDATA[Verified that Only winners text. Actual text: Only show winners - Expected text: Only show winners]]>
            </line>
            <line>
              <![CDATA[Verified that Only losers text. Actual text: Only show losers - Expected text: Only show losers]]>
            </line>
          </reporter-output>
        </test-method> <!-- iOSSettingsTest -->
      </class> <!-- com.qa.tests.IOSSettingsTests -->
    </test> <!-- Test iOS -->
  </suite> <!-- Suite -->
</testng-results>
