<?xml version="1.0" encoding="UTF-8"?>
<!-- Generated by org.testng.reporters.JUnitReportReporter -->
<testsuite skipped="0" hostname="jlast-5659" name="com.qa.tests.IOSSettingsTests" tests="2" failures="1" timestamp="2022-04-23T21:17:18 MDT" time="15.739" errors="0">
  <testcase name="iOSSettingsTest" time="12.050" classname="com.qa.tests.IOSSettingsTests"/>
  <system-out>
    <![CDATA[Clicked button: Located by By.chained({By.AccessibilityId: Settings tab})
Verified that Page Title. Actual text: settings-title - Expected text: settings-title
Verified that Only Bitcoin text. Actual text: Only show "Bitcoin" coins - Expected text: Only show "Bitcoin" coins
Verified that Only winners text. Actual text: Only show winners - Expected text: Only show winners
Verified that Only losers text. Actual text: Only show losers - Expected text: Only show losers]]>
  </system-out>
  <testcase name="IOSSettingFailTest" time="3.689" classname="com.qa.tests.IOSSettingsTests">
    <failure type="java.lang.AssertionError" message="expected [error] but found [Only show &quot;Bitcoin&quot; coins]">
      <![CDATA[java.lang.AssertionError: expected [error] but found [Only show "Bitcoin" coins]
at org.testng.Assert.fail(Assert.java:99)
at org.testng.Assert.failNotEquals(Assert.java:1037)
at org.testng.Assert.assertEqualsImpl(Assert.java:140)
at org.testng.Assert.assertEquals(Assert.java:122)
at org.testng.Assert.assertEquals(Assert.java:629)
at org.testng.Assert.assertEquals(Assert.java:639)
at com.qa.BaseTest.verifyText(BaseTest.java:124)
at com.qa.tests.IOSSettingsTests.IOSSettingFailTest(IOSSettingsTests.java:74)
at sun.reflect.NativeMethodAccessorImpl.invoke0(Native Method)
at sun.reflect.NativeMethodAccessorImpl.invoke(NativeMethodAccessorImpl.java:62)
at sun.reflect.DelegatingMethodAccessorImpl.invoke(DelegatingMethodAccessorImpl.java:43)
at java.lang.reflect.Method.invoke(Method.java:498)
at org.testng.internal.MethodInvocationHelper.invokeMethod(MethodInvocationHelper.java:133)
at org.testng.internal.TestInvoker.invokeMethod(TestInvoker.java:598)
at org.testng.internal.TestInvoker.invokeTestMethod(TestInvoker.java:173)
at org.testng.internal.MethodRunner.runInSequence(MethodRunner.java:46)
at org.testng.internal.TestInvoker$MethodInvocationAgent.invoke(TestInvoker.java:824)
at org.testng.internal.TestInvoker.invokeTestMethods(TestInvoker.java:146)
at org.testng.internal.TestMethodWorker.invokeTestMethods(TestMethodWorker.java:146)
at org.testng.internal.TestMethodWorker.run(TestMethodWorker.java:128)
at java.util.ArrayList.forEach(ArrayList.java:1259)
at org.testng.TestRunner.privateRun(TestRunner.java:794)
at org.testng.TestRunner.run(TestRunner.java:596)
at org.testng.SuiteRunner.runTest(SuiteRunner.java:377)
at org.testng.SuiteRunner.runSequentially(SuiteRunner.java:371)
at org.testng.SuiteRunner.privateRun(SuiteRunner.java:332)
at org.testng.SuiteRunner.run(SuiteRunner.java:276)
at org.testng.SuiteRunnerWorker.runSuite(SuiteRunnerWorker.java:53)
at org.testng.SuiteRunnerWorker.run(SuiteRunnerWorker.java:96)
at org.testng.TestNG.runSuitesSequentially(TestNG.java:1212)
at org.testng.TestNG.runSuitesLocally(TestNG.java:1134)
at org.testng.TestNG.runSuites(TestNG.java:1063)
at org.testng.TestNG.run(TestNG.java:1031)
at org.apache.maven.surefire.testng.TestNGExecutor.run(TestNGExecutor.java:324)
at org.apache.maven.surefire.testng.TestNGXmlTestSuite.execute(TestNGXmlTestSuite.java:74)
at org.apache.maven.surefire.testng.TestNGProvider.invoke(TestNGProvider.java:123)
at org.apache.maven.surefire.booter.ForkedBooter.runSuitesInProcess(ForkedBooter.java:456)
at org.apache.maven.surefire.booter.ForkedBooter.execute(ForkedBooter.java:169)
at org.apache.maven.surefire.booter.ForkedBooter.run(ForkedBooter.java:595)
at org.apache.maven.surefire.booter.ForkedBooter.main(ForkedBooter.java:581)
]]>
    </failure>
  </testcase> <!-- IOSSettingFailTest -->
  <system-out>
    <![CDATA[Clicked button: Located by By.chained({By.AccessibilityId: Settings tab})]]>
  </system-out>
</testsuite> <!-- com.qa.tests.IOSSettingsTests -->
